<?xml version="1.0" encoding="UTF-8"?>
<!-- Generated by org.testng.reporters.JUnitReportReporter -->
<testsuite hostname="LTIN487056" failures="0" tests="4" name="testCases.TC_001" time="461.354" errors="0" timestamp="2024-03-28T09:26:59 IST" skipped="0">
  <testcase classname="testCases.TC_001" name="firstPage" time="22.172"/>
  <testcase classname="testCases.TC_001" name="firstPage" time="27.015"/>
  <testcase classname="testCases.TC_001" name="secondPage" time="200.556"/>
  <testcase classname="testCases.TC_001" name="secondPage" time="211.611"/>
</testsuite> <!-- testCases.TC_001 -->
