<?xml version="1.0" encoding="UTF-8"?>
<!-- Generated by org.testng.reporters.JUnitReportReporter -->
<testsuite hostname="LTIN488249" failures="0" tests="4" name="testRunner.Runner" time="163.475" errors="0" timestamp="2024-06-06T17:33:33 IST" skipped="0">
  <testcase classname="testRunner.Runner" name="runScenario" time="57.944"/>
  <testcase classname="testRunner.Runner" name="runScenario" time="18.019"/>
  <testcase classname="testRunner.Runner" name="runScenario" time="40.766"/>
  <testcase classname="testRunner.Runner" name="runScenario" time="46.746"/>
</testsuite> <!-- testRunner.Runner -->
