<?xml version="1.0" encoding="UTF-8"?>
<!-- Generated by org.testng.reporters.JUnitReportReporter -->
<testsuite hostname="LTIN487229" failures="0" tests="1" name="testCase.TC_01_UserDetailValidation" time="12.484" errors="0" timestamp="2024-03-31T14:24:19 IST" skipped="0">
  <testcase classname="testCase.TC_01_UserDetailValidation" name="userVerification" time="12.484"/>
</testsuite> <!-- testCase.TC_01_UserDetailValidation -->
