<?xml version="1.0" encoding="UTF-8"?>
<!-- Generated by org.testng.reporters.JUnitReportReporter -->
<testsuite hostname="LTIN487229" failures="0" tests="2" name="testCase.TC_04_PresenceNewsLable" time="26.700" errors="0" timestamp="2024-03-30T09:15:46 IST" skipped="0">
  <testcase classname="testCase.TC_04_PresenceNewsLable" name="presenceOfNewsLable" time="12.508"/>
  <testcase classname="testCase.TC_04_PresenceNewsLable" name="presenceOfNewsLable" time="14.192"/>
</testsuite> <!-- testCase.TC_04_PresenceNewsLable -->
