<?xml version="1.0" encoding="UTF-8"?>
<!-- Generated by org.testng.reporters.JUnitReportReporter -->
<testsuite hostname="LTIN487229" failures="0" tests="2" name="testCase.TC_06_NewsToolTipVerification" time="15.561" errors="0" timestamp="2024-03-31T13:18:19 IST" skipped="0">
  <testcase classname="testCase.TC_06_NewsToolTipVerification" name="verificationOfNewsTooltip" time="6.991"/>
  <testcase classname="testCase.TC_06_NewsToolTipVerification" name="verificationOfNewsTooltip" time="8.570"/>
</testsuite> <!-- testCase.TC_06_NewsToolTipVerification -->
